2019-03-19T03:52:14 Checking For Windows Updates
2019-03-19T03:52:15 Script: A:\win-updates.ps1
Script User: MSEDGEWIN10\IEUser
Started: 3/19/2019 3:52:14 AM
2019-03-19T03:52:44 There are 8 more updates.
2019-03-19T03:52:44 Update for Adobe Flash Player for Windows 10 Version 1809 for x64-based Systems (KB4462930)
2019-03-19T03:52:44 Install this update to resolve issues in Windows. For a complete listing of the issues that are included in this update, see the associated Microsoft Knowledge Base article for more information. After you install this item, you may have to restart your computer.
2019-03-19T03:52:44 False
2019-03-19T03:52:44 True
2019-03-19T03:52:44 Microsoft Silverlight (KB4481252)
2019-03-19T03:52:44 Microsoft Silverlight is a Web browser plug-in for Windows and Mac OS X that delivers high quality video/audio, animation, and richer Website experiences in popular Web browsers.
2019-03-19T03:52:44 False
2019-03-19T03:52:44 False
2019-03-19T03:52:44 2019-02 Cumulative Update for .NET Framework 3.5 and 4.7.2 for Windows 10 Version 1809 for x64 (KB4483452)
2019-03-19T03:52:44 A security issue has been identified in a Microsoft software product that could affect your system. You can help protect your system by installing this update from Microsoft. For a complete listing of the issues that are included in this update, see the associated Microsoft Knowledge Base article. After you install this update, you may have to restart your system.
2019-03-19T03:52:44 False
2019-03-19T03:52:44 True
2019-03-19T03:52:44 2019-02 Cumulative Update for .NET Framework 3.5 and 4.7.2 for Windows 10 Version 1809 for x64 (KB4486553)
2019-03-19T03:52:44 Install this update to resolve issues in Windows. For a complete listing of the issues that are included in this update, see the associated Microsoft Knowledge Base article for more information. After you install this item, you may have to restart your computer.
2019-03-19T03:52:44 False
2019-03-19T03:52:44 True
2019-03-19T03:52:44 Windows Malicious Software Removal Tool x64 - March 2019 (KB890830)
2019-03-19T03:52:44 After the download, this tool runs one time to check your computer for infection by specific, prevalent malicious software (including Blaster, Sasser, and Mydoom) and helps remove any infection that is found. If an infection is found, the tool will display a status report the next time that you start your computer. A new version of the tool will be offered every month. If you want to manually run the tool on your computer, you can download a copy from the Microsoft Download Center, or you can run an online version from microsoft.com. This tool is not a replacement for an antivirus product. To help protect your computer, you should use an antivirus product.
2019-03-19T03:52:44 False
2019-03-19T03:52:44 True
2019-03-19T03:52:44 2019-03 Security Update for Adobe Flash Player for Windows 10 Version 1809 for x64-based Systems (KB4489907)
2019-03-19T03:52:44 A security issue has been identified in a Microsoft software product that could affect your system. You can help protect your system by installing this update from Microsoft. For a complete listing of the issues that are included in this update, see the associated Microsoft Knowledge Base article. After you install this update, you may have to restart your system.
2019-03-19T03:52:44 False
2019-03-19T03:52:44 True
2019-03-19T03:52:44 Definition Update for Windows Defender Antivirus - KB2267602 (Definition 1.289.1521.0)
2019-03-19T03:52:44 Install this update to revise the definition files that are used to detect viruses, spyware, and other potentially unwanted software. Once you have installed this item, it cannot be removed.
2019-03-19T03:52:44 False
2019-03-19T03:52:44 True
2019-03-19T03:52:44 2019-03 Cumulative Update for Windows 10 Version 1809 for x64-based Systems (KB4489899)
2019-03-19T03:52:44 Install this update to resolve issues in Windows. For a complete listing of the issues that are included in this update, see the associated Microsoft Knowledge Base article for more information. After you install this item, you may have to restart your computer.
2019-03-19T03:52:44 False
2019-03-19T03:52:44 True
2019-03-19T03:52:45 Evaluating Available Updates with limit of 500:
2019-03-19T03:52:45 Adding: Update for Adobe Flash Player for Windows 10 Version 1809 for x64-based Systems (KB4462930)
2019-03-19T03:52:45 > Note: Microsoft Silverlight (KB4481252) has a license agreement that must be accepted. Accepting the license.
2019-03-19T03:52:45 Adding: Microsoft Silverlight (KB4481252)
2019-03-19T03:52:45 Adding: 2019-02 Cumulative Update for .NET Framework 3.5 and 4.7.2 for Windows 10 Version 1809 for x64 (KB4483452)
2019-03-19T03:52:45 Adding: 2019-02 Cumulative Update for .NET Framework 3.5 and 4.7.2 for Windows 10 Version 1809 for x64 (KB4486553)
2019-03-19T03:52:45 Adding: Windows Malicious Software Removal Tool x64 - March 2019 (KB890830)
2019-03-19T03:52:45 Adding: 2019-03 Security Update for Adobe Flash Player for Windows 10 Version 1809 for x64-based Systems (KB4489907)
2019-03-19T03:52:45 Adding: Definition Update for Windows Defender Antivirus - KB2267602 (Definition 1.289.1521.0)
2019-03-19T03:52:45 Adding: 2019-03 Cumulative Update for Windows 10 Version 1809 for x64-based Systems (KB4489899)
2019-03-19T03:52:45 Downloading Updates...
2019-03-19T03:53:41 The following updates are downloaded and ready to be installed:
2019-03-19T03:53:41 > Update for Adobe Flash Player for Windows 10 Version 1809 for x64-based Systems (KB4462930)
2019-03-19T03:53:41 > Microsoft Silverlight (KB4481252)
2019-03-19T03:53:41 > 2019-02 Cumulative Update for .NET Framework 3.5 and 4.7.2 for Windows 10 Version 1809 for x64 (KB4483452)
2019-03-19T03:53:41 > 2019-02 Cumulative Update for .NET Framework 3.5 and 4.7.2 for Windows 10 Version 1809 for x64 (KB4486553)
2019-03-19T03:53:41 > Windows Malicious Software Removal Tool x64 - March 2019 (KB890830)
2019-03-19T03:53:41 > 2019-03 Security Update for Adobe Flash Player for Windows 10 Version 1809 for x64-based Systems (KB4489907)
2019-03-19T03:53:41 > Definition Update for Windows Defender Antivirus - KB2267602 (Definition 1.289.1521.0)
2019-03-19T03:53:41 > 2019-03 Cumulative Update for Windows 10 Version 1809 for x64-based Systems (KB4489899)
2019-03-19T03:53:41 These updates may require a reboot
2019-03-19T03:53:41 Installing updates...
2019-03-19T03:58:13 Installation Result: 2
2019-03-19T03:58:13 Reboot Required: True
2019-03-19T03:58:13 Listing of updates installed and individual installation results:
2019-03-19T03:58:13 Item: 
2019-03-19T03:58:13 Result: 
2019-03-19T03:58:13 Item: 
2019-03-19T03:58:13 Result: 
2019-03-19T03:58:13 Item: 
2019-03-19T03:58:13 Result: 
2019-03-19T03:58:13 Item: 
2019-03-19T03:58:13 Result: 
2019-03-19T03:58:13 Item: 
2019-03-19T03:58:13 Result: 
2019-03-19T03:58:13 Item: 
2019-03-19T03:58:13 Result: 
2019-03-19T03:58:13 Item: 
2019-03-19T03:58:13 Result: 
2019-03-19T03:58:13 Item: 
2019-03-19T03:58:13 Result: 
2019-03-19T03:58:14 Restart Registry Entry Exists Already
2019-03-19T03:58:14 Restart Required - Restarting...
2019-03-19T03:59:38 Checking For Windows Updates
2019-03-19T03:59:39 Script: A:\win-updates.ps1
Script User: MSEDGEWIN10\IEUser
Started: 3/19/2019 3:59:39 AM
2019-03-19T03:59:56 There are 3 more updates.
2019-03-19T03:59:56 2019-01 Cumulative Update for .NET Framework 3.5 and 4.7.2 for Windows 10 Version 1809 for x64 (KB4480056)
2019-03-19T03:59:56 A security issue has been identified in a Microsoft software product that could affect your system. You can help protect your system by installing this update from Microsoft. For a complete listing of the issues that are included in this update, see the associated Microsoft Knowledge Base article. After you install this update, you may have to restart your system.
2019-03-19T03:59:56 False
2019-03-19T03:59:56 True
2019-03-19T03:59:56 Update for Windows Defender Antivirus antimalware platform - KB4052623 (Version 4.18.1902.2)
2019-03-19T03:59:56 This package will update Windows Defender Antivirus antimalware platform’s components on the user machine.
2019-03-19T03:59:56 False
2019-03-19T03:59:56 True
2019-03-19T03:59:56 2019-03 Cumulative Update for Windows 10 Version 1809 for x64-based Systems (KB4489899)
2019-03-19T03:59:56 Install this update to resolve issues in Windows. For a complete listing of the issues that are included in this update, see the associated Microsoft Knowledge Base article for more information. After you install this item, you may have to restart your computer.
2019-03-19T03:59:56 False
2019-03-19T03:59:56 True
2019-03-19T03:59:57 Evaluating Available Updates with limit of 500:
2019-03-19T03:59:57 Adding: 2019-01 Cumulative Update for .NET Framework 3.5 and 4.7.2 for Windows 10 Version 1809 for x64 (KB4480056)
2019-03-19T03:59:57 Adding: Update for Windows Defender Antivirus antimalware platform - KB4052623 (Version 4.18.1902.2)
2019-03-19T03:59:57 Downloading Updates...
2019-03-19T04:00:08 The following updates are downloaded and ready to be installed:
2019-03-19T04:00:08 > 2019-01 Cumulative Update for .NET Framework 3.5 and 4.7.2 for Windows 10 Version 1809 for x64 (KB4480056)
2019-03-19T04:00:08 > Update for Windows Defender Antivirus antimalware platform - KB4052623 (Version 4.18.1902.2)
2019-03-19T04:00:08 > 2019-03 Cumulative Update for Windows 10 Version 1809 for x64-based Systems (KB4489899)
2019-03-19T04:00:08 These updates may require a reboot
2019-03-19T04:00:08 Installing updates...
2019-03-19T04:01:28 Installation Result: 2
2019-03-19T04:01:28 Reboot Required: True
2019-03-19T04:01:28 Listing of updates installed and individual installation results:
2019-03-19T04:01:28 Item: 
2019-03-19T04:01:28 Result: 
2019-03-19T04:01:28 Item: 
2019-03-19T04:01:28 Result: 
2019-03-19T04:01:28 Item: 
2019-03-19T04:01:28 Result: 
2019-03-19T04:01:29 Restart Registry Entry Exists Already
2019-03-19T04:01:29 Restart Required - Restarting...
2019-03-19T04:02:42 Checking For Windows Updates
2019-03-19T04:02:42 Script: A:\win-updates.ps1
Script User: MSEDGEWIN10\IEUser
Started: 3/19/2019 4:02:42 AM
2019-03-19T04:02:50 There are 1 more updates.
2019-03-19T04:02:50 2019-03 Cumulative Update for Windows 10 Version 1809 for x64-based Systems (KB4489899)
2019-03-19T04:02:50 Install this update to resolve issues in Windows. For a complete listing of the issues that are included in this update, see the associated Microsoft Knowledge Base article for more information. After you install this item, you may have to restart your computer.
2019-03-19T04:02:50 False
2019-03-19T04:02:50 True
2019-03-19T04:02:51 Evaluating Available Updates with limit of 500:
2019-03-19T04:02:51 No Updates To Download...
2019-03-19T04:02:51 The following updates are downloaded and ready to be installed:
2019-03-19T04:02:51 > 2019-03 Cumulative Update for Windows 10 Version 1809 for x64-based Systems (KB4489899)
2019-03-19T04:02:51 These updates may require a reboot
2019-03-19T04:02:51 Installing updates...
2019-03-19T04:02:52 Installation Result: 2
2019-03-19T04:02:52 Reboot Required: True
2019-03-19T04:02:52 Listing of updates installed and individual installation results:
2019-03-19T04:02:52 Item: 
2019-03-19T04:02:52 Result: 
2019-03-19T04:02:53 Restart Registry Entry Exists Already
2019-03-19T04:02:53 Restart Required - Restarting...
2019-03-19T04:04:01 Checking For Windows Updates
2019-03-19T04:04:01 Script: A:\win-updates.ps1
Script User: MSEDGEWIN10\IEUser
Started: 3/19/2019 4:04:01 AM
2019-03-19T04:04:08 There are 1 more updates.
2019-03-19T04:04:08 2019-03 Cumulative Update for Windows 10 Version 1809 for x64-based Systems (KB4489899)
2019-03-19T04:04:08 Install this update to resolve issues in Windows. For a complete listing of the issues that are included in this update, see the associated Microsoft Knowledge Base article for more information. After you install this item, you may have to restart your computer.
2019-03-19T04:04:08 False
2019-03-19T04:04:08 True
2019-03-19T04:04:09 Evaluating Available Updates with limit of 500:
2019-03-19T04:04:09 No Updates To Download...
2019-03-19T04:04:09 The following updates are downloaded and ready to be installed:
2019-03-19T04:04:09 > 2019-03 Cumulative Update for Windows 10 Version 1809 for x64-based Systems (KB4489899)
2019-03-19T04:04:09 These updates may require a reboot
2019-03-19T04:04:09 Installing updates...
2019-03-19T04:04:11 Installation Result: 2
2019-03-19T04:04:11 Reboot Required: True
2019-03-19T04:04:11 Listing of updates installed and individual installation results:
2019-03-19T04:04:11 Item: 
2019-03-19T04:04:11 Result: 
2019-03-19T04:04:11 Restart Registry Entry Exists Already
2019-03-19T04:04:11 Restart Required - Restarting...
2019-03-19T04:05:17 Checking For Windows Updates
2019-03-19T04:05:18 Script: A:\win-updates.ps1
Script User: MSEDGEWIN10\IEUser
Started: 3/19/2019 4:05:18 AM
2019-03-19T04:05:25 There are 1 more updates.
2019-03-19T04:05:25 2019-03 Cumulative Update for Windows 10 Version 1809 for x64-based Systems (KB4489899)
2019-03-19T04:05:25 Install this update to resolve issues in Windows. For a complete listing of the issues that are included in this update, see the associated Microsoft Knowledge Base article for more information. After you install this item, you may have to restart your computer.
2019-03-19T04:05:25 False
2019-03-19T04:05:25 True
2019-03-19T04:05:26 Evaluating Available Updates with limit of 500:
2019-03-19T04:05:26 No Updates To Download...
2019-03-19T04:05:26 The following updates are downloaded and ready to be installed:
2019-03-19T04:05:26 > 2019-03 Cumulative Update for Windows 10 Version 1809 for x64-based Systems (KB4489899)
2019-03-19T04:05:26 These updates may require a reboot
2019-03-19T04:05:26 Installing updates...
2019-03-19T04:05:27 Installation Result: 2
2019-03-19T04:05:27 Reboot Required: True
2019-03-19T04:05:27 Listing of updates installed and individual installation results:
2019-03-19T04:05:28 Item: 
2019-03-19T04:05:28 Result: 
2019-03-19T04:05:28 Restart Registry Entry Exists Already
2019-03-19T04:05:28 Restart Required - Restarting...
2019-03-19T04:06:35 Checking For Windows Updates
2019-03-19T04:06:35 Script: A:\win-updates.ps1
Script User: MSEDGEWIN10\IEUser
Started: 3/19/2019 4:06:35 AM
2019-03-19T04:06:42 There are 1 more updates.
2019-03-19T04:06:42 2019-03 Cumulative Update for Windows 10 Version 1809 for x64-based Systems (KB4489899)
2019-03-19T04:06:42 Install this update to resolve issues in Windows. For a complete listing of the issues that are included in this update, see the associated Microsoft Knowledge Base article for more information. After you install this item, you may have to restart your computer.
2019-03-19T04:06:42 False
2019-03-19T04:06:42 True
2019-03-19T04:06:43 Evaluating Available Updates with limit of 500:
2019-03-19T04:06:43 No Updates To Download...
2019-03-19T04:06:43 The following updates are downloaded and ready to be installed:
2019-03-19T04:06:43 > 2019-03 Cumulative Update for Windows 10 Version 1809 for x64-based Systems (KB4489899)
2019-03-19T04:06:43 These updates may require a reboot
2019-03-19T04:06:43 Installing updates...
2019-03-19T04:06:44 Installation Result: 2
2019-03-19T04:06:44 Reboot Required: True
2019-03-19T04:06:44 Listing of updates installed and individual installation results:
2019-03-19T04:06:45 Item: 
2019-03-19T04:06:45 Result: 
2019-03-19T04:06:45 Restart Registry Entry Exists Already
2019-03-19T04:06:45 Restart Required - Restarting...
2019-03-19T04:07:56 Checking For Windows Updates
2019-03-19T04:07:56 Script: A:\win-updates.ps1
Script User: MSEDGEWIN10\IEUser
Started: 3/19/2019 4:07:56 AM
2019-03-19T04:08:04 There are 1 more updates.
2019-03-19T04:08:04 2019-03 Cumulative Update for Windows 10 Version 1809 for x64-based Systems (KB4489899)
2019-03-19T04:08:04 Install this update to resolve issues in Windows. For a complete listing of the issues that are included in this update, see the associated Microsoft Knowledge Base article for more information. After you install this item, you may have to restart your computer.
2019-03-19T04:08:04 False
2019-03-19T04:08:04 True
2019-03-19T04:08:05 Evaluating Available Updates with limit of 500:
2019-03-19T04:08:05 No Updates To Download...
2019-03-19T04:08:05 The following updates are downloaded and ready to be installed:
2019-03-19T04:08:05 > 2019-03 Cumulative Update for Windows 10 Version 1809 for x64-based Systems (KB4489899)
2019-03-19T04:08:05 These updates may require a reboot
2019-03-19T04:08:05 Installing updates...
2019-03-19T04:08:06 Installation Result: 2
2019-03-19T04:08:06 Reboot Required: True
2019-03-19T04:08:06 Listing of updates installed and individual installation results:
2019-03-19T04:08:07 Item: 
2019-03-19T04:08:07 Result: 
2019-03-19T04:08:07 Restart Registry Entry Exists Already
2019-03-19T04:08:07 Restart Required - Restarting...
2019-03-19T04:08:57 Checking For Windows Updates
2019-03-19T04:08:57 Script: A:\win-updates.ps1
Script User: MSEDGEWIN10\IEUser
Started: 3/19/2019 4:08:57 AM
2019-03-19T04:09:04 There are 1 more updates.
2019-03-19T04:09:04 2019-03 Cumulative Update for Windows 10 Version 1809 for x64-based Systems (KB4489899)
2019-03-19T04:09:04 Install this update to resolve issues in Windows. For a complete listing of the issues that are included in this update, see the associated Microsoft Knowledge Base article for more information. After you install this item, you may have to restart your computer.
2019-03-19T04:09:04 False
2019-03-19T04:09:04 True
2019-03-19T04:09:05 Evaluating Available Updates with limit of 500:
2019-03-19T04:09:05 No Updates To Download...
2019-03-19T04:09:05 The following updates are downloaded and ready to be installed:
2019-03-19T04:09:05 > 2019-03 Cumulative Update for Windows 10 Version 1809 for x64-based Systems (KB4489899)
2019-03-19T04:09:05 These updates may require a reboot
2019-03-19T04:09:05 Installing updates...
2019-03-19T04:09:06 Installation Result: 2
2019-03-19T04:09:06 Reboot Required: True
2019-03-19T04:09:06 Listing of updates installed and individual installation results:
2019-03-19T04:09:06 Item: 
2019-03-19T04:09:06 Result: 
2019-03-19T04:09:06 Restart Registry Entry Exists Already
2019-03-19T04:09:07 Restart Required - Restarting...
2019-03-19T04:10:10 Checking For Windows Updates
2019-03-19T04:10:11 Script: A:\win-updates.ps1
Script User: MSEDGEWIN10\IEUser
Started: 3/19/2019 4:10:11 AM
2019-03-19T04:10:18 There are 1 more updates.
2019-03-19T04:10:18 2019-03 Cumulative Update for Windows 10 Version 1809 for x64-based Systems (KB4489899)
2019-03-19T04:10:18 Install this update to resolve issues in Windows. For a complete listing of the issues that are included in this update, see the associated Microsoft Knowledge Base article for more information. After you install this item, you may have to restart your computer.
2019-03-19T04:10:18 False
2019-03-19T04:10:18 True
2019-03-19T04:10:20 Evaluating Available Updates with limit of 500:
2019-03-19T04:10:20 No Updates To Download...
2019-03-19T04:10:20 The following updates are downloaded and ready to be installed:
2019-03-19T04:10:20 > 2019-03 Cumulative Update for Windows 10 Version 1809 for x64-based Systems (KB4489899)
2019-03-19T04:10:20 These updates may require a reboot
2019-03-19T04:10:20 Installing updates...
2019-03-19T04:10:21 Installation Result: 2
2019-03-19T04:10:21 Reboot Required: True
2019-03-19T04:10:21 Listing of updates installed and individual installation results:
2019-03-19T04:10:21 Item: 
2019-03-19T04:10:21 Result: 
2019-03-19T04:10:21 Restart Registry Entry Exists Already
2019-03-19T04:10:21 Restart Required - Restarting...
2019-03-19T04:12:34 Checking For Windows Updates
2019-03-19T04:12:34 Script: A:\win-updates.ps1
Script User: MSEDGEWIN10\IEUser
Started: 3/19/2019 4:12:34 AM
2019-03-19T04:12:40 There are 1 more updates.
2019-03-19T04:12:40 2019-03 Cumulative Update for Windows 10 Version 1809 for x64-based Systems (KB4489899)
2019-03-19T04:12:40 Install this update to resolve issues in Windows. For a complete listing of the issues that are included in this update, see the associated Microsoft Knowledge Base article for more information. After you install this item, you may have to restart your computer.
2019-03-19T04:12:40 False
2019-03-19T04:12:40 True
2019-03-19T04:12:41 Evaluating Available Updates with limit of 500:
2019-03-19T04:12:41 No Updates To Download...
2019-03-19T04:12:41 The following updates are downloaded and ready to be installed:
2019-03-19T04:12:41 > 2019-03 Cumulative Update for Windows 10 Version 1809 for x64-based Systems (KB4489899)
2019-03-19T04:12:41 These updates may require a reboot
2019-03-19T04:12:41 Installing updates...
2019-03-19T04:12:43 Installation Result: 2
2019-03-19T04:12:43 Reboot Required: True
2019-03-19T04:12:43 Listing of updates installed and individual installation results:
2019-03-19T04:12:43 Item: 
2019-03-19T04:12:43 Result: 
2019-03-19T04:12:43 Restart Registry Entry Exists Already
2019-03-19T04:12:43 Restart Required - Restarting...
2019-03-19T04:14:30 Checking For Windows Updates
2019-03-19T04:27:57 Checking For Windows Updates
2019-03-19T04:27:57 Script: A:\win-updates.ps1
Script User: MSEDGEWIN10\IEUser
Started: 3/19/2019 4:27:57 AM
2019-03-19T04:28:07 There are no applicable updates
2019-03-19T04:28:08 Restart Registry Entry Exists - Removing It
2019-03-19T04:28:08 No Restart Required
2019-03-19T04:28:08 Checking For Windows Updates
2019-03-19T04:28:08 Script: A:\win-updates.ps1
Script User: MSEDGEWIN10\IEUser
Started: 3/19/2019 4:28:08 AM
2019-03-19T04:28:12 There are no applicable updates
2019-03-19T04:28:12 Done Installing Windows Updates
